<?xml version="1.0" encoding="UTF-8"?>
<testsuite name="com.utn.elbuensabor.integration.CompraInsumoIntegration" tests="1" skipped="0" failures="0" errors="0" timestamp="2023-10-25T20:36:30" hostname="BOOK-83PFGTMU3M" time="0.444">
  <properties/>
  <testcase name="testMovimientos()" classname="com.utn.elbuensabor.integration.CompraInsumoIntegration" time="0.444"/>
  <system-out><![CDATA[
  .   ____          _            __ _ _
 /\\ / ___'_ __ _ _(_)_ __  __ _ \ \ \ \
( ( )\___ | '_ | '_| | '_ \/ _` | \ \ \ \
 \\/  ___)| |_)| | | | | || (_| |  ) ) ) )
  '  |____| .__|_| |_|_| |_\__, | / / / /
 =========|_|==============|___/=/_/_/_/
 :: Spring Boot ::                (v3.1.4)

2023-10-25T17:36:28.422-03:00  INFO 27192 --- [    Test worker] c.u.e.i.CompraInsumoIntegration          : Starting CompraInsumoIntegration using Java 18.0.2.1 with PID 27192 (started by saoga in C:\Users\saoga\OneDrive\Escritorio\Repos\elbuensabor-sprint3)
2023-10-25T17:36:28.422-03:00  INFO 27192 --- [    Test worker] c.u.e.i.CompraInsumoIntegration          : No active profile set, falling back to 1 default profile: "default"
2023-10-25T17:36:28.839-03:00  INFO 27192 --- [    Test worker] .s.d.r.c.RepositoryConfigurationDelegate : Bootstrapping Spring Data JPA repositories in DEFAULT mode.
2023-10-25T17:36:28.951-03:00  INFO 27192 --- [    Test worker] .s.d.r.c.RepositoryConfigurationDelegate : Finished Spring Data repository scanning in 110 ms. Found 18 JPA repository interfaces.
2023-10-25T17:36:29.109-03:00  INFO 27192 --- [    Test worker] o.hibernate.jpa.internal.util.LogHelper  : HHH000204: Processing PersistenceUnitInfo [name: default]
2023-10-25T17:36:29.119-03:00  INFO 27192 --- [    Test worker] o.h.b.i.BytecodeProviderInitiator        : HHH000021: Bytecode provider name : bytebuddy
2023-10-25T17:36:29.119-03:00  INFO 27192 --- [    Test worker] o.s.o.j.p.SpringPersistenceUnitInfo      : No LoadTimeWeaver setup: ignoring JPA class transformer
2023-10-25T17:36:29.120-03:00  INFO 27192 --- [    Test worker] com.zaxxer.hikari.HikariDataSource       : HikariPool-2 - Starting...
2023-10-25T17:36:29.121-03:00  INFO 27192 --- [    Test worker] com.zaxxer.hikari.pool.HikariPool        : HikariPool-2 - Added connection conn10: url=jdbc:h2:mem:./betodb user=SA
2023-10-25T17:36:29.121-03:00  INFO 27192 --- [    Test worker] com.zaxxer.hikari.HikariDataSource       : HikariPool-2 - Start completed.
2023-10-25T17:36:29.261-03:00  INFO 27192 --- [    Test worker] o.h.b.i.BytecodeProviderInitiator        : HHH000021: Bytecode provider name : bytebuddy
2023-10-25T17:36:29.478-03:00  INFO 27192 --- [    Test worker] o.h.e.t.j.p.i.JtaPlatformInitiator       : HHH000490: Using JtaPlatform implementation: [org.hibernate.engine.transaction.jta.platform.internal.NoJtaPlatform]
2023-10-25T17:36:29.504-03:00  INFO 27192 --- [    Test worker] j.LocalContainerEntityManagerFactoryBean : Initialized JPA EntityManagerFactory for persistence unit 'default'
2023-10-25T17:36:29.953-03:00  WARN 27192 --- [    Test worker] JpaBaseConfiguration$JpaWebConfiguration : spring.jpa.open-in-view is enabled by default. Therefore, database queries may be performed during view rendering. Explicitly configure spring.jpa.open-in-view to disable this warning
2023-10-25T17:36:30.070-03:00  INFO 27192 --- [    Test worker] o.s.b.a.h2.H2ConsoleAutoConfiguration    : H2 console available at '/h2-console'. Database available at 'jdbc:h2:mem:./betodb'
2023-10-25T17:36:30.099-03:00  INFO 27192 --- [    Test worker] o.s.b.t.m.w.SpringBootMockServletContext : Initializing Spring TestDispatcherServlet ''
2023-10-25T17:36:30.099-03:00  INFO 27192 --- [    Test worker] o.s.t.web.servlet.TestDispatcherServlet  : Initializing Servlet ''
2023-10-25T17:36:30.102-03:00  INFO 27192 --- [    Test worker] o.s.t.web.servlet.TestDispatcherServlet  : Completed initialization in 2 ms
2023-10-25T17:36:30.115-03:00  INFO 27192 --- [    Test worker] c.u.e.i.CompraInsumoIntegration          : Started CompraInsumoIntegration in 1.749 seconds (process running for 12.594)
Hibernate: insert into compra_insumo (fecha_alta,fecha_baja,fecha_modificacion,total_compra,id) values (?,?,?,?,default)
Hibernate: insert into compra_insumo (fecha_alta,fecha_baja,fecha_modificacion,total_compra,id) values (?,?,?,?,default)
Hibernate: insert into compra_insumo (fecha_alta,fecha_baja,fecha_modificacion,total_compra,id) values (?,?,?,?,default)
Hibernate: insert into compra_insumo (fecha_alta,fecha_baja,fecha_modificacion,total_compra,id) values (?,?,?,?,default)
Hibernate: insert into compra_insumo (fecha_alta,fecha_baja,fecha_modificacion,total_compra,id) values (?,?,?,?,default)
Hibernate: insert into compra_insumo (fecha_alta,fecha_baja,fecha_modificacion,total_compra,id) values (?,?,?,?,default)
Hibernate: insert into compra_insumo (fecha_alta,fecha_baja,fecha_modificacion,total_compra,id) values (?,?,?,?,default)
Hibernate: insert into compra_insumo (fecha_alta,fecha_baja,fecha_modificacion,total_compra,id) values (?,?,?,?,default)
Hibernate: insert into compra_insumo (fecha_alta,fecha_baja,fecha_modificacion,total_compra,id) values (?,?,?,?,default)
Hibernate: insert into compra_insumo (fecha_alta,fecha_baja,fecha_modificacion,total_compra,id) values (?,?,?,?,default)
Hibernate: select sum(c1_0.total_compra) from compra_insumo c1_0 where c1_0.fecha_alta between ? and ?
]]></system-out>
  <system-err><![CDATA[]]></system-err>
</testsuite>
