<?xml version="1.0" encoding="UTF-8"?>
<testsuite name="com.utn.elbuensabor.ElbuensaborApplicationTests" tests="1" skipped="0" failures="0" errors="0" timestamp="2023-10-25T20:21:31" hostname="DESKTOP-KBIANBK" time="1.685">
  <properties/>
  <testcase name="contextLoads()" classname="com.utn.elbuensabor.ElbuensaborApplicationTests" time="1.685"/>
  <system-out><![CDATA[17:21:10.598 [Test worker] INFO org.springframework.test.context.support.AnnotationConfigContextLoaderUtils -- Could not detect default configuration classes for test class [com.utn.elbuensabor.ElbuensaborApplicationTests]: ElbuensaborApplicationTests does not declare any static, non-private, non-final, nested classes annotated with @Configuration.
17:21:11.031 [Test worker] INFO org.springframework.boot.test.context.SpringBootTestContextBootstrapper -- Found @SpringBootConfiguration com.utn.elbuensabor.ElbuensaborApplication for test class com.utn.elbuensabor.ElbuensaborApplicationTests

  .   ____          _            __ _ _
 /\\ / ___'_ __ _ _(_)_ __  __ _ \ \ \ \
( ( )\___ | '_ | '_| | '_ \/ _` | \ \ \ \
 \\/  ___)| |_)| | | | | || (_| |  ) ) ) )
  '  |____| .__|_| |_|_| |_\__, | / / / /
 =========|_|==============|___/=/_/_/_/
 :: Spring Boot ::                (v3.1.4)

2023-10-25T17:21:12.418-03:00  INFO 2940 --- [    Test worker] c.u.e.ElbuensaborApplicationTests        : Starting ElbuensaborApplicationTests using Java 17.0.8 with PID 2940 (started by Javier in C:\Tps DS\Sprint4\elbuensabor-sprint3)
2023-10-25T17:21:12.423-03:00  INFO 2940 --- [    Test worker] c.u.e.ElbuensaborApplicationTests        : No active profile set, falling back to 1 default profile: "default"
2023-10-25T17:21:15.749-03:00  INFO 2940 --- [    Test worker] .s.d.r.c.RepositoryConfigurationDelegate : Bootstrapping Spring Data JPA repositories in DEFAULT mode.
2023-10-25T17:21:16.364-03:00  INFO 2940 --- [    Test worker] .s.d.r.c.RepositoryConfigurationDelegate : Finished Spring Data repository scanning in 585 ms. Found 18 JPA repository interfaces.
2023-10-25T17:21:18.009-03:00  INFO 2940 --- [    Test worker] o.hibernate.jpa.internal.util.LogHelper  : HHH000204: Processing PersistenceUnitInfo [name: default]
2023-10-25T17:21:18.299-03:00  INFO 2940 --- [    Test worker] org.hibernate.Version                    : HHH000412: Hibernate ORM core version 6.2.9.Final
2023-10-25T17:21:18.309-03:00  INFO 2940 --- [    Test worker] org.hibernate.cfg.Environment            : HHH000406: Using bytecode reflection optimizer
2023-10-25T17:21:18.995-03:00  INFO 2940 --- [    Test worker] o.h.b.i.BytecodeProviderInitiator        : HHH000021: Bytecode provider name : bytebuddy
2023-10-25T17:21:19.616-03:00  INFO 2940 --- [    Test worker] o.s.o.j.p.SpringPersistenceUnitInfo      : No LoadTimeWeaver setup: ignoring JPA class transformer
2023-10-25T17:21:19.684-03:00  INFO 2940 --- [    Test worker] com.zaxxer.hikari.HikariDataSource       : HikariPool-1 - Starting...
2023-10-25T17:21:20.283-03:00  INFO 2940 --- [    Test worker] com.zaxxer.hikari.pool.HikariPool        : HikariPool-1 - Added connection conn0: url=jdbc:h2:mem:./betodb user=SA
2023-10-25T17:21:20.288-03:00  INFO 2940 --- [    Test worker] com.zaxxer.hikari.HikariDataSource       : HikariPool-1 - Start completed.
2023-10-25T17:21:21.506-03:00  INFO 2940 --- [    Test worker] o.h.b.i.BytecodeProviderInitiator        : HHH000021: Bytecode provider name : bytebuddy
2023-10-25T17:21:24.342-03:00  INFO 2940 --- [    Test worker] o.h.e.t.j.p.i.JtaPlatformInitiator       : HHH000490: Using JtaPlatform implementation: [org.hibernate.engine.transaction.jta.platform.internal.NoJtaPlatform]
Hibernate: create table compra_insumo (id bigint generated by default as identity, fecha_alta timestamp(6), fecha_baja timestamp(6), fecha_modificacion timestamp(6), total_compra numeric(10,2), primary key (id))
Hibernate: create table detalle_compra (id bigint generated by default as identity, fecha_alta timestamp(6), fecha_baja timestamp(6), fecha_modificacion timestamp(6), cantidad numeric(10,2), id_compra_insumo bigint, id_cliente bigint, primary key (id))
Hibernate: create table detalle_factura (id bigint generated by default as identity, fecha_alta timestamp(6), fecha_baja timestamp(6), fecha_modificacion timestamp(6), cantidad integer, subtotal numeric(10,2), id_factura bigint, id_producto bigint, primary key (id))
Hibernate: create table detalle_pedido (id bigint generated by default as identity, fecha_alta timestamp(6), fecha_baja timestamp(6), fecha_modificacion timestamp(6), cantidad integer, subtotal numeric(10,2), subtotal_costo numeric(10,2), id_pedido bigint, id_producto bigint, primary key (id))
Hibernate: create table detalle_receta (id bigint generated by default as identity, fecha_alta timestamp(6), fecha_baja timestamp(6), fecha_modificacion timestamp(6), cantidad numeric(10,2), costo numeric(10,2), id_insumo bigint, id_producto bigint, id_receta bigint, primary key (id))
Hibernate: create table domicilio (id bigint generated by default as identity, fecha_alta timestamp(6), fecha_baja timestamp(6), fecha_modificacion timestamp(6), calle varchar(500), codigo_postal integer, localidad varchar(255), numero integer, numero_vivienda integer, piso_vivienda integer, id_persona bigint, primary key (id))
Hibernate: create table factura (id bigint generated by default as identity, fecha_alta timestamp(6), fecha_baja timestamp(6), fecha_modificacion timestamp(6), fecha_facturacion timestamp(6), forma_pago tinyint check (forma_pago between 0 and 1), mp_merchant_order_id bigint, mp_payment_id bigint, mp_payment_type varchar(255), mp_preference_id varchar(255), total_venta numeric(10,2), id_pedido bigint, primary key (id))
Hibernate: create table insumo (id bigint generated by default as identity, fecha_alta timestamp(6), fecha_baja timestamp(6), fecha_modificacion timestamp(6), denominacion varchar(255), precio_compra numeric(10,2), stock_actual numeric(10,2), stock_minimo numeric(10,2), url_imagen varchar(255), id_rubro_insumo bigint, id_unidad_medida bigint, primary key (id))
Hibernate: create table nota_credito (id bigint generated by default as identity, fecha_alta timestamp(6), fecha_baja timestamp(6), fecha_modificacion timestamp(6), total_monto numeric(10,2), cliente_id bigint, factura_id bigint, primary key (id))
Hibernate: create table pedido (id bigint generated by default as identity, fecha_alta timestamp(6), fecha_baja timestamp(6), fecha_modificacion timestamp(6), estado_actual varchar(255) check (estado_actual in ('PENDIENTE_PAGO','PAGADO','PREPARACION','PENDIENTE_ENTREGA','EN_CAMINO','CANCELADO','NOTA_CREDITO','COMPLETADO')), fecha_pedido timestamp(6), forma_pago varchar(255) check (forma_pago in ('EFECTIVO','MERCADO_PAGO')), hora_estimada_finalizacion timestamp(6), tipo_envio varchar(255) check (tipo_envio in ('DELIVERY','TAKE_AWAY')), total numeric(10,2), total_costo numeric(10,2), id_usuario bigint, id_domicilio_entrega bigint, primary key (id))
Hibernate: create table pedido_estado (id bigint generated by default as identity, fecha_alta timestamp(6), fecha_baja timestamp(6), fecha_modificacion timestamp(6), estado varchar(255) check (estado in ('PENDIENTE_PAGO','PAGADO','PREPARACION','PENDIENTE_ENTREGA','EN_CAMINO','CANCELADO','NOTA_CREDITO','COMPLETADO')), id_pedido bigint, primary key (id))
Hibernate: create table persona (id bigint generated by default as identity, fecha_alta timestamp(6), fecha_baja timestamp(6), fecha_modificacion timestamp(6), apellido varchar(255) not null, email varchar(255) not null, nombre varchar(255) not null, password varchar(255) not null, rol varchar(255) check (rol in ('ADMINISTRADOR','COCINERO','DELIVERY','CAJERO','CLIENTE')), telefono varchar(255) not null, auth0id varchar(255), username varchar(255), primary key (id))
Hibernate: create table producto (id bigint generated by default as identity, fecha_alta timestamp(6), fecha_baja timestamp(6), fecha_modificacion timestamp(6), costo numeric(10,2), denominacion varchar(255), descripcion varchar(1000), precio_venta numeric(10,2), tiempo_estimado_cocina integer, url_imagen varchar(500), id_producto bigint, id_rubro_producto bigint, primary key (id))
Hibernate: create table receta (id bigint generated by default as identity, fecha_alta timestamp(6), fecha_baja timestamp(6), fecha_modificacion timestamp(6), descripcion varchar(255), id_producto bigint, primary key (id))
Hibernate: create table rubro_insumo (id bigint generated by default as identity, fecha_alta timestamp(6), fecha_baja timestamp(6), fecha_modificacion timestamp(6), id_rubro_padre bigint, primary key (id))
Hibernate: create table rubro_producto (id bigint generated by default as identity, fecha_alta timestamp(6), fecha_baja timestamp(6), fecha_modificacion timestamp(6), denominacion varchar(255), id_rubro_padre bigint, primary key (id))
Hibernate: create table unidad_medida (id bigint generated by default as identity, fecha_alta timestamp(6), fecha_baja timestamp(6), fecha_modificacion timestamp(6), abreviatura varchar(25), denominacion varchar(255), primary key (id))
Hibernate: alter table if exists factura drop constraint if exists UK_6p1mkrhrf2lbjw92gxveb20ti
Hibernate: alter table if exists factura add constraint UK_6p1mkrhrf2lbjw92gxveb20ti unique (id_pedido)
Hibernate: alter table if exists nota_credito drop constraint if exists UK_67g3jboj22jd9y16khk5hj1y2
Hibernate: alter table if exists nota_credito add constraint UK_67g3jboj22jd9y16khk5hj1y2 unique (factura_id)
Hibernate: alter table if exists producto drop constraint if exists UK_3wmxkxyq52xm5ghy8qcv3def1
Hibernate: alter table if exists producto add constraint UK_3wmxkxyq52xm5ghy8qcv3def1 unique (id_producto)
Hibernate: alter table if exists receta drop constraint if exists UK_2m7phdk3hktv0f7kabi3pt1ni
Hibernate: alter table if exists receta add constraint UK_2m7phdk3hktv0f7kabi3pt1ni unique (id_producto)
Hibernate: alter table if exists detalle_compra add constraint FKy1o2wqumlwese58ddvnd2ne foreign key (id_compra_insumo) references compra_insumo
Hibernate: alter table if exists detalle_compra add constraint FKqn3wyul0i2p5ewejirr7yx445 foreign key (id_cliente) references insumo
Hibernate: alter table if exists detalle_factura add constraint FKhc4e7swi6aa3e6uom3bwm2x6x foreign key (id_factura) references factura
Hibernate: alter table if exists detalle_factura add constraint FKbtcmmj5awxvxq2gj65kx1v7ly foreign key (id_producto) references producto
Hibernate: alter table if exists detalle_pedido add constraint FK7n9hdifr08joboojejveby1vr foreign key (id_pedido) references pedido
Hibernate: alter table if exists detalle_pedido add constraint FKjfm9pk0w2eag8tx8lu6pbego6 foreign key (id_producto) references producto
Hibernate: alter table if exists detalle_receta add constraint FKog4q7xu0vn7gu06c5el3mkrau foreign key (id_insumo) references insumo
Hibernate: alter table if exists detalle_receta add constraint FK53nqv31q1c92r35tgibkwrt01 foreign key (id_producto) references producto
Hibernate: alter table if exists detalle_receta add constraint FKehvxtcsecduj5rv58ccgh5owa foreign key (id_receta) references receta
Hibernate: alter table if exists domicilio add constraint FK32dxhuxvi62rwkdoysl6ofqib foreign key (id_persona) references persona
Hibernate: alter table if exists factura add constraint FKhf4qd2e07en591ymcp74t1ebj foreign key (id_pedido) references pedido
Hibernate: alter table if exists insumo add constraint FKfon8msl1tm0iei99lesbdfs7i foreign key (id_rubro_insumo) references rubro_insumo
Hibernate: alter table if exists insumo add constraint FKd8usc4j37mwhlg27nhayrit7p foreign key (id_unidad_medida) references unidad_medida
Hibernate: alter table if exists nota_credito add constraint FKrbj7195hyohwweig2al0m90dk foreign key (cliente_id) references persona
Hibernate: alter table if exists nota_credito add constraint FKdql79or758kudlvev9a4frmg4 foreign key (factura_id) references factura
Hibernate: alter table if exists pedido add constraint FK53hsnnqbqmap8r5hjck06x5ed foreign key (id_usuario) references persona
Hibernate: alter table if exists pedido add constraint FK8rl5nj1o66wpyep4178lwdh70 foreign key (id_domicilio_entrega) references domicilio
Hibernate: alter table if exists pedido_estado add constraint FKqkxrnebnv4gx6150r03ovdt9g foreign key (id_pedido) references pedido
Hibernate: alter table if exists producto add constraint FKovjouh8dd5hhcm2jx9fu48yv6 foreign key (id_producto) references receta
Hibernate: alter table if exists producto add constraint FKjl25pwr8um14683al06l2o1wv foreign key (id_rubro_producto) references rubro_producto
Hibernate: alter table if exists receta add constraint FKq038nx9nrcli9ddf9r7iwiw94 foreign key (id_producto) references producto
Hibernate: alter table if exists rubro_insumo add constraint FK9vprx92jnefyvwgv4pv0uix1 foreign key (id_rubro_padre) references rubro_insumo
Hibernate: alter table if exists rubro_producto add constraint FK8a5q4lkyu7s694trjuxatf487 foreign key (id_rubro_padre) references rubro_producto
2023-10-25T17:21:24.674-03:00  INFO 2940 --- [    Test worker] j.LocalContainerEntityManagerFactoryBean : Initialized JPA EntityManagerFactory for persistence unit 'default'
2023-10-25T17:21:26.189-03:00  INFO 2940 --- [    Test worker] o.s.d.j.r.query.QueryEnhancerFactory     : Hibernate is in classpath; If applicable, HQL parser will be used.
2023-10-25T17:21:29.861-03:00  WARN 2940 --- [    Test worker] JpaBaseConfiguration$JpaWebConfiguration : spring.jpa.open-in-view is enabled by default. Therefore, database queries may be performed during view rendering. Explicitly configure spring.jpa.open-in-view to disable this warning
2023-10-25T17:21:31.366-03:00  INFO 2940 --- [    Test worker] o.s.b.a.h2.H2ConsoleAutoConfiguration    : H2 console available at '/h2-console'. Database available at 'jdbc:h2:mem:./betodb'
2023-10-25T17:21:31.538-03:00  INFO 2940 --- [    Test worker] c.u.e.ElbuensaborApplicationTests        : Started ElbuensaborApplicationTests in 19.982 seconds (process running for 24.127)
]]></system-out>
  <system-err><![CDATA[]]></system-err>
</testsuite>
